Using pre-set license
Built from '2021.3/staging' branch; Version is '2021.3.30f1 (b4360d7cdac4) revision 11810317'; Using compiler version '192829333'; Build Type 'Release'
OS: 'Windows 11  (10.0.22621) 64bit Education' Language: 'en' Physical Memory: 32487 MB
BatchMode: 1, IsHumanControllingUs: 0, StartBugReporterOnCrash: 0, Is64bit: 1, IsPro: 1

COMMAND LINE ARGUMENTS:
C:\Program Files\Unity\Hub\Editor\2021.3.30f1\Editor\Unity.exe
-adb2
-batchMode
-noUpm
-name
AssetImportWorker9
-projectPath
C:/Users/Per1Student/Documents/Unity/GitHub/CreatorKitFPSStarksP7/P7FPSMicroGameStarks
-logFile
Logs/AssetImportWorker9.log
-srvPort
60795
Successfully changed project path to: C:/Users/Per1Student/Documents/Unity/GitHub/CreatorKitFPSStarksP7/P7FPSMicroGameStarks
C:/Users/Per1Student/Documents/Unity/GitHub/CreatorKitFPSStarksP7/P7FPSMicroGameStarks
[UnityMemory] Configuration Parameters - Can be set up in boot.config
    "memorysetup-bucket-allocator-granularity=16"
    "memorysetup-bucket-allocator-bucket-count=8"
    "memorysetup-bucket-allocator-block-size=33554432"
    "memorysetup-bucket-allocator-block-count=8"
    "memorysetup-main-allocator-block-size=16777216"
    "memorysetup-thread-allocator-block-size=16777216"
    "memorysetup-gfx-main-allocator-block-size=16777216"
    "memorysetup-gfx-thread-allocator-block-size=16777216"
    "memorysetup-cache-allocator-block-size=4194304"
    "memorysetup-typetree-allocator-block-size=2097152"
    "memorysetup-profiler-bucket-allocator-granularity=16"
    "memorysetup-profiler-bucket-allocator-bucket-count=8"
    "memorysetup-profiler-bucket-allocator-block-size=33554432"
    "memorysetup-profiler-bucket-allocator-block-count=8"
    "memorysetup-profiler-allocator-block-size=16777216"
    "memorysetup-profiler-editor-allocator-block-size=1048576"
    "memorysetup-temp-allocator-size-main=16777216"
    "memorysetup-job-temp-allocator-block-size=2097152"
    "memorysetup-job-temp-allocator-block-size-background=1048576"
    "memorysetup-job-temp-allocator-reduction-small-platforms=262144"
    "memorysetup-temp-allocator-size-background-worker=32768"
    "memorysetup-temp-allocator-size-job-worker=262144"
    "memorysetup-temp-allocator-size-preload-manager=33554432"
    "memorysetup-temp-allocator-size-nav-mesh-worker=65536"
    "memorysetup-temp-allocator-size-audio-worker=65536"
    "memorysetup-temp-allocator-size-cloud-worker=32768"
    "memorysetup-temp-allocator-size-gi-baking-worker=262144"
    "memorysetup-temp-allocator-size-gfx=262144"
Player connection [17828] Host "[IP] 10.20.255.40 [Port] 0 [Flags] 2 [Guid] 3632259466 [EditorId] 3632259466 [Version] 1048832 [Id] WindowsEditor(7,20GAME111920) [Debug] 1 [PackageName] WindowsEditor [ProjectName] Editor" joined multi-casting on [225.0.0.222:54997]...

Player connection [17828] Host "[IP] 10.20.255.40 [Port] 0 [Flags] 2 [Guid] 3632259466 [EditorId] 3632259466 [Version] 1048832 [Id] WindowsEditor(7,20GAME111920) [Debug] 1 [PackageName] WindowsEditor [ProjectName] Editor" joined alternative multi-casting on [225.0.0.222:34997]...

[Physics::Module] Initialized MultithreadedJobDispatcher with {0} workers.
Refreshing native plugins compatible for Editor in 100.31 ms, found 3 plugins.
Preloading 0 native plugins for Editor in 0.00 ms.
Initialize engine version: 2021.3.30f1 (b4360d7cdac4)
[Subsystems] Discovering subsystems at path C:/Program Files/Unity/Hub/Editor/2021.3.30f1/Editor/Data/Resources/UnitySubsystems
[Subsystems] Discovering subsystems at path C:/Users/Per1Student/Documents/Unity/GitHub/CreatorKitFPSStarksP7/P7FPSMicroGameStarks/Assets
GfxDevice: creating device client; threaded=0; jobified=0
Direct3D:
    Version:  Direct3D 11.0 [level 11.1]
    Renderer: NVIDIA GeForce RTX 3080 (ID=0x2216)
    Vendor:   NVIDIA
    VRAM:     10067 MB
    Driver:   31.0.15.3640
Initialize mono
Mono path[0] = 'C:/Program Files/Unity/Hub/Editor/2021.3.30f1/Editor/Data/Managed'
Mono path[1] = 'C:/Program Files/Unity/Hub/Editor/2021.3.30f1/Editor/Data/MonoBleedingEdge/lib/mono/unityjit-win32'
Mono config path = 'C:/Program Files/Unity/Hub/Editor/2021.3.30f1/Editor/Data/MonoBleedingEdge/etc'
Using monoOptions --debugger-agent=transport=dt_socket,embedding=1,server=y,suspend=n,address=127.0.0.1:56980
Begin MonoManager ReloadAssembly
Registering precompiled unity dll's ...
Register platform support module: C:/Program Files/Unity/Hub/Editor/2021.3.30f1/Editor/Data/PlaybackEngines/WebGLSupport/UnityEditor.WebGL.Extensions.dll
Register platform support module: C:/Program Files/Unity/Hub/Editor/2021.3.30f1/Editor/Data/PlaybackEngines/AndroidPlayer/UnityEditor.Android.Extensions.dll
Register platform support module: C:/Program Files/Unity/Hub/Editor/2021.3.30f1/Editor/Data/PlaybackEngines/WindowsStandaloneSupport/UnityEditor.WindowsStandalone.Extensions.dll
Registered in 0.010987 seconds.
Native extension for WindowsStandalone target not found
Native extension for Android target not found
Android Extension - Scanning For ADB Devices 564 ms
Native extension for WebGL target not found
Refreshing native plugins compatible for Editor in 64.84 ms, found 3 plugins.
Preloading 0 native plugins for Editor in 0.00 ms.
Mono: successfully reloaded assembly
- Completed reload, in  1.084 seconds
Domain Reload Profiling:
	ReloadAssembly (1084ms)
		BeginReloadAssembly (105ms)
			ExecutionOrderSort (0ms)
			DisableScriptedObjects (0ms)
			BackupInstance (0ms)
			ReleaseScriptingObjects (0ms)
			CreateAndSetChildDomain (1ms)
		EndReloadAssembly (906ms)
			LoadAssemblies (107ms)
			RebuildTransferFunctionScriptingTraits (0ms)
			SetupTypeCache (74ms)
			ReleaseScriptCaches (0ms)
			RebuildScriptCaches (17ms)
			SetupLoadedEditorAssemblies (785ms)
				LogAssemblyErrors (0ms)
				InitializePlatformSupportModulesInManaged (640ms)
				SetLoadedEditorAssemblies (0ms)
				RefreshPlugins (65ms)
				BeforeProcessingInitializeOnLoad (1ms)
				ProcessInitializeOnLoadAttributes (50ms)
				ProcessInitializeOnLoadMethodAttributes (29ms)
				AfterProcessingInitializeOnLoad (0ms)
				EditorAssembliesLoaded (0ms)
			ExecutionOrderSort2 (0ms)
			AwakeInstancesAfterBackupRestoration (0ms)
Platform modules already initialized, skipping
Registering precompiled user dll's ...
Registered in 0.019001 seconds.
Begin MonoManager ReloadAssembly
Native extension for WindowsStandalone target not found
Native extension for Android target not found
Native extension for WebGL target not found
Refreshing native plugins compatible for Editor in 73.49 ms, found 3 plugins.
Preloading 0 native plugins for Editor in 0.00 ms.
Package Manager log level set to [2]
[Package Manager] Server::EnsureServerProcessIsRunning -- launch failed, reason: Unity was launched with the -noUpm command-line argument
[Package Manager] Cannot connect to Unity Package Manager local server
Mono: successfully reloaded assembly
- Completed reload, in  6.839 seconds
Domain Reload Profiling:
	ReloadAssembly (6840ms)
		BeginReloadAssembly (124ms)
			ExecutionOrderSort (0ms)
			DisableScriptedObjects (4ms)
			BackupInstance (0ms)
			ReleaseScriptingObjects (0ms)
			CreateAndSetChildDomain (14ms)
		EndReloadAssembly (6638ms)
			LoadAssemblies (5630ms)
			RebuildTransferFunctionScriptingTraits (0ms)
			SetupTypeCache (204ms)
			ReleaseScriptCaches (1ms)
			RebuildScriptCaches (41ms)
			SetupLoadedEditorAssemblies (745ms)
				LogAssemblyErrors (0ms)
				InitializePlatformSupportModulesInManaged (15ms)
				SetLoadedEditorAssemblies (0ms)
				RefreshPlugins (74ms)
				BeforeProcessingInitializeOnLoad (73ms)
				ProcessInitializeOnLoadAttributes (530ms)
				ProcessInitializeOnLoadMethodAttributes (47ms)
				AfterProcessingInitializeOnLoad (6ms)
				EditorAssembliesLoaded (0ms)
			ExecutionOrderSort2 (0ms)
			AwakeInstancesAfterBackupRestoration (6ms)
Platform modules already initialized, skipping
========================================================================
Worker process is ready to serve import requests
Launched and connected shader compiler UnityShaderCompiler.exe after 0.13 seconds
Refreshing native plugins compatible for Editor in 0.67 ms, found 3 plugins.
Preloading 0 native plugins for Editor in 0.00 ms.
Unloading 5515 Unused Serialized files (Serialized files now loaded: 0)
Unloading 34 unused Assets / (0.8 MB). Loaded Objects now: 5975.
Memory consumption went from 228.4 MB to 227.7 MB.
Total: 2.563000 ms (FindLiveObjects: 0.271500 ms CreateObjectMapping: 0.157400 ms MarkObjects: 1.903100 ms  DeleteObjects: 0.230200 ms)

AssetImportParameters requested are different than current active one (requested -> active):
  custom:video-decoder-ogg-theora: a1e56fd34408186e4bbccfd4996cb3dc -> 
  custom:container-muxer-webm: aa71ff27fc2769a1b78a27578f13a17b -> 
  custom:container-demuxer-webm: 4f35f7cbe854078d1ac9338744f61a02 -> 
  custom:video-encoder-webm-vp8: eb34c28f22e8b96e1ab97ce403110664 -> 
  custom:video-codec-MediaFoundation-h265: 746d11721c4dcdbdad8f713fa42b33f4 -> 
  custom:CustomObjectIndexerAttribute: 6b0e35c9178b02a6363f3721b7b8e397 -> 
  custom:audio-encoder-webm-vorbis: bf7c407c2cedff20999df2af8eb42d56 -> 
  custom:framework-win-MediaFoundation: 216162199b28c13a410421893ffa2e32 -> 
  custom:SearchIndexIgnoredProperties: e643bd26f0fe6173181afceb89e7c659 -> 
  custom:container-demuxer-ogg: 62fdf1f143b41e24485cea50d1cbac27 -> 
  custom:video-decoder-webm-vp8: 9c59270c3fd7afecdb556c50c9e8de78 -> 
  custom:audio-decoder-ogg-vorbis: bf7c407c2cedff20999df2af8eb42d56 -> 
========================================================================
Received Import Request.
  Time since last request: 2091831.941911 seconds.
  path: Assets/FPS/Prefabs/Weapons/Weapon_Launcher.prefab
  artifactKey: Guid(3439b4874b7b44e4eb2216314c46b85c) Importer(815301076,1909f56bfc062723c751e8b465ee728b)
Number of updated assets reloaded before import = 0
Start importing Assets/FPS/Prefabs/Weapons/Weapon_Launcher.prefab using Guid(3439b4874b7b44e4eb2216314c46b85c) Importer(815301076,1909f56bfc062723c751e8b465ee728b)  -> (artifact id: '65a177e0c1e7ad9d9dc219766c5f8c71') in 0.651626 seconds 
Number of asset objects unloaded after import = 125
========================================================================
Received Import Request.
  Time since last request: 242.551624 seconds.
  path: Assets/FPS/Art/Textures/UI/ControlScheme_PopUp.png
  artifactKey: Guid(d873f089db0e2f54884c58e49b0a1ede) Importer(815301076,1909f56bfc062723c751e8b465ee728b)
Number of updated assets reloaded before import = 0
Start importing Assets/FPS/Art/Textures/UI/ControlScheme_PopUp.png using Guid(d873f089db0e2f54884c58e49b0a1ede) Importer(815301076,1909f56bfc062723c751e8b465ee728b)  -> (artifact id: '69b65cec39f3838dfde71ce0e3b0446e') in 0.063852 seconds 
Number of asset objects unloaded after import = 3
========================================================================
Received Import Request.
  Time since last request: 0.641419 seconds.
  path: Assets/FPS/Art/Textures/UI/Crosshair_Blaster_Side.png
  artifactKey: Guid(e87f35a57d7a270469ddf9121f29d506) Importer(815301076,1909f56bfc062723c751e8b465ee728b)
Number of updated assets reloaded before import = 0
Start importing Assets/FPS/Art/Textures/UI/Crosshair_Blaster_Side.png using Guid(e87f35a57d7a270469ddf9121f29d506) Importer(815301076,1909f56bfc062723c751e8b465ee728b)  -> (artifact id: 'a122d78898aa9c9c68c7d64ed882026b') in 0.015242 seconds 
Number of asset objects unloaded after import = 3
========================================================================
Received Import Request.
  Time since last request: 0.268537 seconds.
  path: Assets/FPS/Art/Textures/UI/Crosshair_Hexa.png
  artifactKey: Guid(e881aa18189b12f4e915fc5b14ddc421) Importer(815301076,1909f56bfc062723c751e8b465ee728b)
Number of updated assets reloaded before import = 0
Start importing Assets/FPS/Art/Textures/UI/Crosshair_Hexa.png using Guid(e881aa18189b12f4e915fc5b14ddc421) Importer(815301076,1909f56bfc062723c751e8b465ee728b)  -> (artifact id: '1c2f749c5aeefedf33d007789add00c6') in 0.019327 seconds 
Number of asset objects unloaded after import = 3
========================================================================
Received Import Request.
  Time since last request: 11.709863 seconds.
  path: Assets/ModAssets/Models/AncientProps/Archway.fbx
  artifactKey: Guid(8845e58e723a048699e6cf81997a1af0) Importer(815301076,1909f56bfc062723c751e8b465ee728b)
Number of updated assets reloaded before import = 0
Start importing Assets/ModAssets/Models/AncientProps/Archway.fbx using Guid(8845e58e723a048699e6cf81997a1af0) Importer(815301076,1909f56bfc062723c751e8b465ee728b)  -> (artifact id: '33e59f6a53c23db1ae20f275d539e01f') in 0.061802 seconds 
Number of asset objects unloaded after import = 9
========================================================================
Received Import Request.
  Time since last request: 0.007469 seconds.
  path: Assets/ModAssets/Materials/BillboardMaterials/Billboard Content.mat
  artifactKey: Guid(ba793090d6ae148e9a8a50996460f4f1) Importer(815301076,1909f56bfc062723c751e8b465ee728b)
Number of updated assets reloaded before import = 0
Start importing Assets/ModAssets/Materials/BillboardMaterials/Billboard Content.mat using Guid(ba793090d6ae148e9a8a50996460f4f1) Importer(815301076,1909f56bfc062723c751e8b465ee728b)  -> (artifact id: 'e261fd90b95a79fd2329b58f1b7bfad9') in 0.046137 seconds 
Number of asset objects unloaded after import = 2
========================================================================
Received Import Request.
  Time since last request: 0.000019 seconds.
  path: Packages/com.unity.searcher/Editor/Resources/FlatSkin/Font/Roboto-Light.ttf
  artifactKey: Guid(2a29e27936eb547458f646f71125b264) Importer(815301076,1909f56bfc062723c751e8b465ee728b)
Number of updated assets reloaded before import = 0
Start importing Packages/com.unity.searcher/Editor/Resources/FlatSkin/Font/Roboto-Light.ttf using Guid(2a29e27936eb547458f646f71125b264) Importer(815301076,1909f56bfc062723c751e8b465ee728b)  -> (artifact id: 'a9a1c123a9fc1a5fa30512ac67b9e52a') in 0.031169 seconds 
Number of asset objects unloaded after import = 5
========================================================================
Received Import Request.
  Time since last request: 0.000021 seconds.
  path: Assets/ModAssets/Materials/HatMaterials/GlassesMaterial.mat
  artifactKey: Guid(1acefd150eaed40838351a00d9ea7163) Importer(815301076,1909f56bfc062723c751e8b465ee728b)
Number of updated assets reloaded before import = 0
Start importing Assets/ModAssets/Materials/HatMaterials/GlassesMaterial.mat using Guid(1acefd150eaed40838351a00d9ea7163) Importer(815301076,1909f56bfc062723c751e8b465ee728b)  -> (artifact id: '5c03987e55ce7d034a1ed374f371e1c5') in 0.021963 seconds 
Number of asset objects unloaded after import = 2
========================================================================
Received Import Request.
  Time since last request: 0.000018 seconds.
  path: Assets/ModAssets/Materials/BillboardMaterials/Billboard Frame.mat
  artifactKey: Guid(190c04ee61aaa410e8650f7fc1ce7f41) Importer(815301076,1909f56bfc062723c751e8b465ee728b)
Number of updated assets reloaded before import = 0
Start importing Assets/ModAssets/Materials/BillboardMaterials/Billboard Frame.mat using Guid(190c04ee61aaa410e8650f7fc1ce7f41) Importer(815301076,1909f56bfc062723c751e8b465ee728b)  -> (artifact id: '5aa6ea457c8058abacd23cacb9e3b357') in 0.020712 seconds 
Number of asset objects unloaded after import = 2
========================================================================
Received Import Request.
  Time since last request: 0.000019 seconds.
  path: Assets/ModAssets/Materials/Custom Materials/Glass Dark.mat
  artifactKey: Guid(73d3b987427b7456eb9fced2cf259a38) Importer(815301076,1909f56bfc062723c751e8b465ee728b)
Number of updated assets reloaded before import = 0
Start importing Assets/ModAssets/Materials/Custom Materials/Glass Dark.mat using Guid(73d3b987427b7456eb9fced2cf259a38) Importer(815301076,1909f56bfc062723c751e8b465ee728b)  -> (artifact id: '5d694ed3c17f3ef8ba196d0015669fad') in 0.502342 seconds 
Number of asset objects unloaded after import = 2
========================================================================
Received Import Request.
  Time since last request: 0.000047 seconds.
  path: Packages/com.unity.probuilder/Content/Resources/Materials/FacePicker.mat
  artifactKey: Guid(5695904020f064fdab5ad265b274a616) Importer(815301076,1909f56bfc062723c751e8b465ee728b)
Number of updated assets reloaded before import = 0
Start importing Packages/com.unity.probuilder/Content/Resources/Materials/FacePicker.mat using Guid(5695904020f064fdab5ad265b274a616) Importer(815301076,1909f56bfc062723c751e8b465ee728b)  -> (artifact id: 'e42946c4fb3745d69373469ee4c8bd5d') in 0.026944 seconds 
Number of asset objects unloaded after import = 2
========================================================================
Received Import Request.
  Time since last request: 0.000029 seconds.
  path: Assets/ModAssets/Materials/Custom Materials/Glass Clear.mat
  artifactKey: Guid(0a7aee634f0a04f16a55b768e33e5040) Importer(815301076,1909f56bfc062723c751e8b465ee728b)
Number of updated assets reloaded before import = 0
Start importing Assets/ModAssets/Materials/Custom Materials/Glass Clear.mat using Guid(0a7aee634f0a04f16a55b768e33e5040) Importer(815301076,1909f56bfc062723c751e8b465ee728b)  -> (artifact id: '9b0b44c2049aa7dc7e73f41aa96474b6') in 0.016907 seconds 
Number of asset objects unloaded after import = 2
========================================================================
Received Import Request.
  Time since last request: 0.000025 seconds.
  path: Packages/com.unity.searcher/Editor/Resources/FlatSkin/Font/Roboto-BlackItalic.ttf
  artifactKey: Guid(f95147a9bab9fe649b8070170fa7ebd2) Importer(815301076,1909f56bfc062723c751e8b465ee728b)
Number of updated assets reloaded before import = 0
Start importing Packages/com.unity.searcher/Editor/Resources/FlatSkin/Font/Roboto-BlackItalic.ttf using Guid(f95147a9bab9fe649b8070170fa7ebd2) Importer(815301076,1909f56bfc062723c751e8b465ee728b)  -> (artifact id: 'e691e8acc0255b66aaae8da6d37202ba') in 0.020988 seconds 
Number of asset objects unloaded after import = 5
========================================================================
Received Import Request.
  Time since last request: 0.000022 seconds.
  path: Assets/FPS/Art/Materials/Enemies/HoverBot_Body.mat
  artifactKey: Guid(c3dc5a90c49c99142999f85d6b419d80) Importer(815301076,1909f56bfc062723c751e8b465ee728b)
Number of updated assets reloaded before import = 0
Start importing Assets/FPS/Art/Materials/Enemies/HoverBot_Body.mat using Guid(c3dc5a90c49c99142999f85d6b419d80) Importer(815301076,1909f56bfc062723c751e8b465ee728b)  -> (artifact id: 'ae3cb70b990edcb8d4b200ba48b9c56d') in 0.027933 seconds 
Number of asset objects unloaded after import = 5
========================================================================
Received Import Request.
  Time since last request: 0.000023 seconds.
  path: Assets/ModAssets/Materials/Custom Materials/Basic Green.mat
  artifactKey: Guid(85a5f987437cc4794b97b153a23d7ccb) Importer(815301076,1909f56bfc062723c751e8b465ee728b)
Number of updated assets reloaded before import = 0
Start importing Assets/ModAssets/Materials/Custom Materials/Basic Green.mat using Guid(85a5f987437cc4794b97b153a23d7ccb) Importer(815301076,1909f56bfc062723c751e8b465ee728b)  -> (artifact id: 'e675ab121931dca3acde2946b5de4fdd') in 0.020013 seconds 
Number of asset objects unloaded after import = 2
========================================================================
Received Import Request.
  Time since last request: 0.000022 seconds.
  path: Assets/ModAssets/Materials/Custom Materials/Basic Blue.mat
  artifactKey: Guid(de7902ac5f1ca46b9894eae94bfe5e58) Importer(815301076,1909f56bfc062723c751e8b465ee728b)
Number of updated assets reloaded before import = 0
Start importing Assets/ModAssets/Materials/Custom Materials/Basic Blue.mat using Guid(de7902ac5f1ca46b9894eae94bfe5e58) Importer(815301076,1909f56bfc062723c751e8b465ee728b)  -> (artifact id: '045e6e8805469fe9fddb6b1f80ab63ba') in 0.017691 seconds 
Number of asset objects unloaded after import = 2
========================================================================
Received Import Request.
  Time since last request: 0.000018 seconds.
  path: Assets/ModAssets/Materials/TrailMaterials/FireTrailMaterial.mat
  artifactKey: Guid(1cdc620dc87bd45acbd2dfd2cc6560eb) Importer(815301076,1909f56bfc062723c751e8b465ee728b)
Number of updated assets reloaded before import = 0
Start importing Assets/ModAssets/Materials/TrailMaterials/FireTrailMaterial.mat using Guid(1cdc620dc87bd45acbd2dfd2cc6560eb) Importer(815301076,1909f56bfc062723c751e8b465ee728b)  -> (artifact id: 'ecb70bc085f9abd7a674f683b5a0c7d4') in 0.019830 seconds 
Number of asset objects unloaded after import = 2
========================================================================
Received Import Request.
  Time since last request: 0.000025 seconds.
  path: Assets/ModAssets/Materials/Custom Materials/Basic White.mat
  artifactKey: Guid(80aca137a2109463fb6c86f09a521374) Importer(815301076,1909f56bfc062723c751e8b465ee728b)
Number of updated assets reloaded before import = 0
Start importing Assets/ModAssets/Materials/Custom Materials/Basic White.mat using Guid(80aca137a2109463fb6c86f09a521374) Importer(815301076,1909f56bfc062723c751e8b465ee728b)  -> (artifact id: '43a369624678e901551dbde968ae854c') in 0.017281 seconds 
Number of asset objects unloaded after import = 2
========================================================================
Received Import Request.
  Time since last request: 0.000017 seconds.
  path: Packages/com.unity.searcher/Editor/Resources/FlatSkin/Font/Roboto-Italic.ttf
  artifactKey: Guid(c839255fc8f6b4b4d90bf8c1af9f9bd1) Importer(815301076,1909f56bfc062723c751e8b465ee728b)
Number of updated assets reloaded before import = 0
Start importing Packages/com.unity.searcher/Editor/Resources/FlatSkin/Font/Roboto-Italic.ttf using Guid(c839255fc8f6b4b4d90bf8c1af9f9bd1) Importer(815301076,1909f56bfc062723c751e8b465ee728b)  -> (artifact id: '98805208a80d1ac534eb1b2a84691b05') in 0.038520 seconds 
Number of asset objects unloaded after import = 5
========================================================================
Received Import Request.
  Time since last request: 0.000030 seconds.
  path: Packages/com.unity.searcher/Editor/Resources/FlatSkin/Font/Roboto-ThinItalic.ttf
  artifactKey: Guid(b2ea3b3f1765e544b9eb5bd1a93a91ce) Importer(815301076,1909f56bfc062723c751e8b465ee728b)
Number of updated assets reloaded before import = 0
Start importing Packages/com.unity.searcher/Editor/Resources/FlatSkin/Font/Roboto-ThinItalic.ttf using Guid(b2ea3b3f1765e544b9eb5bd1a93a91ce) Importer(815301076,1909f56bfc062723c751e8b465ee728b)  -> (artifact id: '8102ef6d7ededd5daa2b961c8b6df3ab') in 0.027196 seconds 
Number of asset objects unloaded after import = 5
========================================================================
Received Import Request.
  Time since last request: 0.000034 seconds.
  path: Assets/ModAssets/Models/SpaceProps/Crystal.fbx
  artifactKey: Guid(6b2dfb46096eb400e8d5de95609e53b3) Importer(815301076,1909f56bfc062723c751e8b465ee728b)
Number of updated assets reloaded before import = 0
Start importing Assets/ModAssets/Models/SpaceProps/Crystal.fbx using Guid(6b2dfb46096eb400e8d5de95609e53b3) Importer(815301076,1909f56bfc062723c751e8b465ee728b)  -> (artifact id: 'e17aeca7558bebab61d89b726865acb3') in 0.027164 seconds 
Number of asset objects unloaded after import = 9
========================================================================
Received Import Request.
  Time since last request: 0.000020 seconds.
  path: Assets/FPS/Art/Materials/Level/Floor_Grey_Transparent.mat
  artifactKey: Guid(a8a1aa4818fa7e945b782b5b93f3c3f5) Importer(815301076,1909f56bfc062723c751e8b465ee728b)
Number of updated assets reloaded before import = 0
Start importing Assets/FPS/Art/Materials/Level/Floor_Grey_Transparent.mat using Guid(a8a1aa4818fa7e945b782b5b93f3c3f5) Importer(815301076,1909f56bfc062723c751e8b465ee728b)  -> (artifact id: 'cac87bb4c520bbcec85a344e2a0ee6ef') in 0.020896 seconds 
Number of asset objects unloaded after import = 2
========================================================================
Received Import Request.
  Time since last request: 0.000017 seconds.
  path: Assets/ModAssets/Materials/Custom Materials/Basic Black.mat
  artifactKey: Guid(dc263f8d5174d45c0a98e6489eca16c5) Importer(815301076,1909f56bfc062723c751e8b465ee728b)
Number of updated assets reloaded before import = 0
Start importing Assets/ModAssets/Materials/Custom Materials/Basic Black.mat using Guid(dc263f8d5174d45c0a98e6489eca16c5) Importer(815301076,1909f56bfc062723c751e8b465ee728b)  -> (artifact id: '0f7672b05c3fd6d933656bf77ce9877e') in 0.019082 seconds 
Number of asset objects unloaded after import = 2
========================================================================
Received Import Request.
  Time since last request: 0.000020 seconds.
  path: Packages/com.unity.searcher/Editor/Resources/FlatSkin/Font/Roboto-Medium.ttf
  artifactKey: Guid(a51a3aebb43ac044989270407476b208) Importer(815301076,1909f56bfc062723c751e8b465ee728b)
Number of updated assets reloaded before import = 0
Start importing Packages/com.unity.searcher/Editor/Resources/FlatSkin/Font/Roboto-Medium.ttf using Guid(a51a3aebb43ac044989270407476b208) Importer(815301076,1909f56bfc062723c751e8b465ee728b)  -> (artifact id: '4b887a25e8e4d684f3e8f9afdad397d3') in 0.021855 seconds 
Number of asset objects unloaded after import = 5
========================================================================
Received Import Request.
  Time since last request: 0.000021 seconds.
  path: Packages/com.unity.searcher/Editor/Resources/FlatSkin/Font/Roboto-BoldItalic.ttf
  artifactKey: Guid(dfb97a9307a577a41bcacba34b9a7e32) Importer(815301076,1909f56bfc062723c751e8b465ee728b)
Number of updated assets reloaded before import = 0
Start importing Packages/com.unity.searcher/Editor/Resources/FlatSkin/Font/Roboto-BoldItalic.ttf using Guid(dfb97a9307a577a41bcacba34b9a7e32) Importer(815301076,1909f56bfc062723c751e8b465ee728b)  -> (artifact id: '51c478cb29e1a3e7e9033393d364f0f1') in 0.020932 seconds 
Number of asset objects unloaded after import = 5
========================================================================
Received Import Request.
  Time since last request: 0.000020 seconds.
  path: Packages/com.unity.searcher/Editor/Resources/FlatSkin/Font/Roboto-LightItalic.ttf
  artifactKey: Guid(5e63515167650a541b309ba3bfd4db3d) Importer(815301076,1909f56bfc062723c751e8b465ee728b)
Number of updated assets reloaded before import = 0
Start importing Packages/com.unity.searcher/Editor/Resources/FlatSkin/Font/Roboto-LightItalic.ttf using Guid(5e63515167650a541b309ba3bfd4db3d) Importer(815301076,1909f56bfc062723c751e8b465ee728b)  -> (artifact id: '98a416bcf8e64c3f9c4f54e361dd5240') in 0.024500 seconds 
Number of asset objects unloaded after import = 5
========================================================================
Received Import Request.
  Time since last request: 7.957484 seconds.
  path: Assets/FPS/Art/Materials/VFX/JetPackTrail.mat
  artifactKey: Guid(b06de00127b56814e9454c2d7d9f139a) Importer(815301076,1909f56bfc062723c751e8b465ee728b)
Number of updated assets reloaded before import = 0
Start importing Assets/FPS/Art/Materials/VFX/JetPackTrail.mat using Guid(b06de00127b56814e9454c2d7d9f139a) Importer(815301076,1909f56bfc062723c751e8b465ee728b)  -> (artifact id: '325946e920f448994afd21a072d339f3') in 0.017268 seconds 
Number of asset objects unloaded after import = 3
========================================================================
Received Import Request.
  Time since last request: 0.000019 seconds.
  path: Assets/TextMesh Pro/Resources/Fonts & Materials/LiberationSans SDF - Outline.mat
  artifactKey: Guid(79459efec17a4d00a321bdcc27bbc385) Importer(815301076,1909f56bfc062723c751e8b465ee728b)
Number of updated assets reloaded before import = 0
Start importing Assets/TextMesh Pro/Resources/Fonts & Materials/LiberationSans SDF - Outline.mat using Guid(79459efec17a4d00a321bdcc27bbc385) Importer(815301076,1909f56bfc062723c751e8b465ee728b)  -> (artifact id: '1410691bcda8fa839a5193241eed312f') in 0.069302 seconds 
Number of asset objects unloaded after import = 3
========================================================================
Received Import Request.
  Time since last request: 0.000023 seconds.
  path: Assets/FPS/Art/Materials/VFX/Lazer_Green.mat
  artifactKey: Guid(b4f29d2b8d27495478384372a6e55304) Importer(815301076,1909f56bfc062723c751e8b465ee728b)
Number of updated assets reloaded before import = 0
Start importing Assets/FPS/Art/Materials/VFX/Lazer_Green.mat using Guid(b4f29d2b8d27495478384372a6e55304) Importer(815301076,1909f56bfc062723c751e8b465ee728b)  -> (artifact id: '8b0fffcbefd70f25ffd08580973b2d52') in 0.015711 seconds 
Number of asset objects unloaded after import = 2
========================================================================
Received Import Request.
  Time since last request: 0.000024 seconds.
  path: Assets/FPS/Art/Materials/VFX/Lazer_Blue.mat
  artifactKey: Guid(a7baa8fdcb831b44d87d70b1e6941b39) Importer(815301076,1909f56bfc062723c751e8b465ee728b)
Number of updated assets reloaded before import = 0
Start importing Assets/FPS/Art/Materials/VFX/Lazer_Blue.mat using Guid(a7baa8fdcb831b44d87d70b1e6941b39) Importer(815301076,1909f56bfc062723c751e8b465ee728b)  -> (artifact id: '28fa26a4b2be55c285c3d7a3b25d2644') in 0.017507 seconds 
Number of asset objects unloaded after import = 2
========================================================================
Received Import Request.
  Time since last request: 0.000021 seconds.
  path: Assets/TextMesh Pro/Resources/Fonts & Materials/LiberationSans SDF - Fallback.asset
  artifactKey: Guid(2e498d1c8094910479dc3e1b768306a4) Importer(815301076,1909f56bfc062723c751e8b465ee728b)
Number of updated assets reloaded before import = 0
Start importing Assets/TextMesh Pro/Resources/Fonts & Materials/LiberationSans SDF - Fallback.asset using Guid(2e498d1c8094910479dc3e1b768306a4) Importer(815301076,1909f56bfc062723c751e8b465ee728b)  -> (artifact id: '25ceb93c9e6a04c7ef1bc52c10e876e9') in 0.032186 seconds 
Number of asset objects unloaded after import = 7
========================================================================
Received Import Request.
  Time since last request: 0.000018 seconds.
  path: Assets/TextMesh Pro/Resources/Fonts & Materials/LiberationSans SDF - Drop Shadow.mat
  artifactKey: Guid(e73a58f6e2794ae7b1b7e50b7fb811b0) Importer(815301076,1909f56bfc062723c751e8b465ee728b)
Number of updated assets reloaded before import = 0
Start importing Assets/TextMesh Pro/Resources/Fonts & Materials/LiberationSans SDF - Drop Shadow.mat using Guid(e73a58f6e2794ae7b1b7e50b7fb811b0) Importer(815301076,1909f56bfc062723c751e8b465ee728b)  -> (artifact id: '1e77d2ca82a12b946cb7b7f8aacb79f1') in 0.062035 seconds 
Number of asset objects unloaded after import = 3
========================================================================
Received Import Request.
  Time since last request: 0.000018 seconds.
  path: Assets/ModAssets/Materials/Custom Materials/Metal Silver.mat
  artifactKey: Guid(346183a72a1454a878a57ebb8b961c51) Importer(815301076,1909f56bfc062723c751e8b465ee728b)
Number of updated assets reloaded before import = 0
Start importing Assets/ModAssets/Materials/Custom Materials/Metal Silver.mat using Guid(346183a72a1454a878a57ebb8b961c51) Importer(815301076,1909f56bfc062723c751e8b465ee728b)  -> (artifact id: 'd3dc525132ab5d5992b087de1b426bb3') in 0.016805 seconds 
Number of asset objects unloaded after import = 2
========================================================================
Received Import Request.
  Time since last request: 0.000018 seconds.
  path: Assets/ModAssets/Models/AncientProps/Obelisk.fbx
  artifactKey: Guid(b5f62aa1f09e3403baa23022a5d9e4b1) Importer(815301076,1909f56bfc062723c751e8b465ee728b)
Number of updated assets reloaded before import = 0
Start importing Assets/ModAssets/Models/AncientProps/Obelisk.fbx using Guid(b5f62aa1f09e3403baa23022a5d9e4b1) Importer(815301076,1909f56bfc062723c751e8b465ee728b)  -> (artifact id: '3da62190611cc31d16ccf80bcfbad51b') in 0.023534 seconds 
Number of asset objects unloaded after import = 9
========================================================================
Received Import Request.
  Time since last request: 0.000018 seconds.
  path: Assets/ModAssets/Materials/Totems/M_StatueBig.mat
  artifactKey: Guid(49d28db2438a811499460bb19c79b172) Importer(815301076,1909f56bfc062723c751e8b465ee728b)
Number of updated assets reloaded before import = 0
Start importing Assets/ModAssets/Materials/Totems/M_StatueBig.mat using Guid(49d28db2438a811499460bb19c79b172) Importer(815301076,1909f56bfc062723c751e8b465ee728b)  -> (artifact id: 'b07d970ced32d9a9209af9645e8ffa07') in 0.023082 seconds 
Number of asset objects unloaded after import = 7
========================================================================
Received Import Request.
  Time since last request: 0.000020 seconds.
  path: Assets/ModAssets/Materials/Custom Materials/Neon Green.mat
  artifactKey: Guid(0030b1f081f074ea79e4c8398f97fc08) Importer(815301076,1909f56bfc062723c751e8b465ee728b)
Number of updated assets reloaded before import = 0
Start importing Assets/ModAssets/Materials/Custom Materials/Neon Green.mat using Guid(0030b1f081f074ea79e4c8398f97fc08) Importer(815301076,1909f56bfc062723c751e8b465ee728b)  -> (artifact id: 'c920ea71b021292e43a5155a88b8f61b') in 0.564676 seconds 
Number of asset objects unloaded after import = 2
========================================================================
Received Import Request.
  Time since last request: 0.000021 seconds.
  path: Assets/FPS/Art/Materials/VFX/SmokeAngry.mat
  artifactKey: Guid(c652749532525cf40a10b2c90cd662c4) Importer(815301076,1909f56bfc062723c751e8b465ee728b)
Number of updated assets reloaded before import = 0
Start importing Assets/FPS/Art/Materials/VFX/SmokeAngry.mat using Guid(c652749532525cf40a10b2c90cd662c4) Importer(815301076,1909f56bfc062723c751e8b465ee728b)  -> (artifact id: '8181fbf736c717aa691abfd4f4290139') in 0.579843 seconds 
Number of asset objects unloaded after import = 4
========================================================================
Received Import Request.
  Time since last request: 0.000033 seconds.
  path: Assets/FPS/Art/Fonts/Roboto-Black SDF.asset
  artifactKey: Guid(75063828274bdb145a55f6dd2f22e8b2) Importer(815301076,1909f56bfc062723c751e8b465ee728b)
Number of updated assets reloaded before import = 0
Start importing Assets/FPS/Art/Fonts/Roboto-Black SDF.asset using Guid(75063828274bdb145a55f6dd2f22e8b2) Importer(815301076,1909f56bfc062723c751e8b465ee728b)  -> (artifact id: 'acf36011160eadc8bc0100f7b348fc67') in 0.033218 seconds 
Number of asset objects unloaded after import = 5
========================================================================
Received Import Request.
  Time since last request: 0.000029 seconds.
  path: Assets/FPS/Art/Materials/Level/Ramp_Blue_Transparent.mat
  artifactKey: Guid(5430ef02ed1d5de43bfd8fa2ffff44fe) Importer(815301076,1909f56bfc062723c751e8b465ee728b)
Number of updated assets reloaded before import = 0
Start importing Assets/FPS/Art/Materials/Level/Ramp_Blue_Transparent.mat using Guid(5430ef02ed1d5de43bfd8fa2ffff44fe) Importer(815301076,1909f56bfc062723c751e8b465ee728b)  -> (artifact id: 'fd9b1ac024ca9519d6a70798482019b8') in 0.033084 seconds 
Number of asset objects unloaded after import = 2
========================================================================
Received Import Request.
  Time since last request: 0.000026 seconds.
  path: Assets/FPS/Art/Materials/Weapons/WeaponPistol_Transparent.mat
  artifactKey: Guid(ad562f26d8dd3e34d9fd70367f5d6f14) Importer(815301076,1909f56bfc062723c751e8b465ee728b)
Number of updated assets reloaded before import = 0
Start importing Assets/FPS/Art/Materials/Weapons/WeaponPistol_Transparent.mat using Guid(ad562f26d8dd3e34d9fd70367f5d6f14) Importer(815301076,1909f56bfc062723c751e8b465ee728b)  -> (artifact id: '2c9fd1feb9483a805d1038c8a82d3e40') in 0.065367 seconds 
Number of asset objects unloaded after import = 7
========================================================================
Received Import Request.
  Time since last request: 0.000024 seconds.
  path: Assets/ModAssets/Materials/TrailMaterials/LongTrailMaterial.mat
  artifactKey: Guid(dbd73125b5e3c429ea6c920ebcc9dd92) Importer(815301076,1909f56bfc062723c751e8b465ee728b)
Number of updated assets reloaded before import = 0
Start importing Assets/ModAssets/Materials/TrailMaterials/LongTrailMaterial.mat using Guid(dbd73125b5e3c429ea6c920ebcc9dd92) Importer(815301076,1909f56bfc062723c751e8b465ee728b)  -> (artifact id: 'f86d234884dc2cfc2e037e49a62241ae') in 0.030609 seconds 
Number of asset objects unloaded after import = 2
========================================================================
Received Import Request.
  Time since last request: 0.000021 seconds.
  path: Assets/TextMesh Pro/Resources/Fonts & Materials/LiberationSans SDF.asset
  artifactKey: Guid(8f586378b4e144a9851e7b34d9b748ee) Importer(815301076,1909f56bfc062723c751e8b465ee728b)
Number of updated assets reloaded before import = 0
Start importing Assets/TextMesh Pro/Resources/Fonts & Materials/LiberationSans SDF.asset using Guid(8f586378b4e144a9851e7b34d9b748ee) Importer(815301076,1909f56bfc062723c751e8b465ee728b)  -> (artifact id: '27ab5dcd45790a3ff57c6b55ad844263') in 0.041983 seconds 
Number of asset objects unloaded after import = 10
========================================================================
Received Import Request.
  Time since last request: 0.000025 seconds.
  path: Assets/FPS/Art/Materials/Level/Sign_Green.mat
  artifactKey: Guid(807df0a3bd5fb484687907be1b8246c0) Importer(815301076,1909f56bfc062723c751e8b465ee728b)
Number of updated assets reloaded before import = 0
Start importing Assets/FPS/Art/Materials/Level/Sign_Green.mat using Guid(807df0a3bd5fb484687907be1b8246c0) Importer(815301076,1909f56bfc062723c751e8b465ee728b)  -> (artifact id: '4799a9578baa586aeb645f82edc17b72') in 0.037298 seconds 
Number of asset objects unloaded after import = 2
========================================================================
Received Import Request.
  Time since last request: 0.000031 seconds.
  path: Packages/com.unity.render-pipelines.universal/Runtime/Materials/Lit.mat
  artifactKey: Guid(31321ba15b8f8eb4c954353edc038b1d) Importer(815301076,1909f56bfc062723c751e8b465ee728b)
Number of updated assets reloaded before import = 0
Start importing Packages/com.unity.render-pipelines.universal/Runtime/Materials/Lit.mat using Guid(31321ba15b8f8eb4c954353edc038b1d) Importer(815301076,1909f56bfc062723c751e8b465ee728b)  -> (artifact id: '267297747da0bdab4d74012dd2dc92d4') in 0.028103 seconds 
Number of asset objects unloaded after import = 2
========================================================================
Received Import Request.
  Time since last request: 0.000020 seconds.
  path: Assets/ModAssets/Materials/TrailMaterials/LaserTrailMaterial.mat
  artifactKey: Guid(496d4eb29afae4308be4e6a2069959b3) Importer(815301076,1909f56bfc062723c751e8b465ee728b)
Number of updated assets reloaded before import = 0
Start importing Assets/ModAssets/Materials/TrailMaterials/LaserTrailMaterial.mat using Guid(496d4eb29afae4308be4e6a2069959b3) Importer(815301076,1909f56bfc062723c751e8b465ee728b)  -> (artifact id: '5af6f4ec59c0e3dcc728de01d1c6c9ff') in 0.037289 seconds 
Number of asset objects unloaded after import = 2
========================================================================
Received Import Request.
  Time since last request: 0.000021 seconds.
  path: Assets/ModAssets/Models/SpaceProps/Rocket.fbx
  artifactKey: Guid(b698994a5dd674ee3997e51d3474a09f) Importer(815301076,1909f56bfc062723c751e8b465ee728b)
Number of updated assets reloaded before import = 0
Start importing Assets/ModAssets/Models/SpaceProps/Rocket.fbx using Guid(b698994a5dd674ee3997e51d3474a09f) Importer(815301076,1909f56bfc062723c751e8b465ee728b)  -> (artifact id: 'd82e12b952287d88402274aca24d20d6') in 0.035587 seconds 
Number of asset objects unloaded after import = 10
========================================================================
Received Import Request.
  Time since last request: 0.000016 seconds.
  path: Assets/FPS/Art/Materials/Weapons/WeaponPistol.mat
  artifactKey: Guid(0c55f53a7bb3c354ababeb18b89c2fce) Importer(815301076,1909f56bfc062723c751e8b465ee728b)
Number of updated assets reloaded before import = 0
Start importing Assets/FPS/Art/Materials/Weapons/WeaponPistol.mat using Guid(0c55f53a7bb3c354ababeb18b89c2fce) Importer(815301076,1909f56bfc062723c751e8b465ee728b)  -> (artifact id: '2bb32705f0a92231e3190e6e9cc50f93') in 0.041569 seconds 
Number of asset objects unloaded after import = 7
========================================================================
Received Import Request.
  Time since last request: 0.000028 seconds.
  path: Packages/com.unity.render-pipelines.universal/Runtime/Materials/ParticlesUnlit.mat
  artifactKey: Guid(e823cd5b5d27c0f4b8256e7c12ee3e6d) Importer(815301076,1909f56bfc062723c751e8b465ee728b)
Number of updated assets reloaded before import = 0
Start importing Packages/com.unity.render-pipelines.universal/Runtime/Materials/ParticlesUnlit.mat using Guid(e823cd5b5d27c0f4b8256e7c12ee3e6d) Importer(815301076,1909f56bfc062723c751e8b465ee728b)  -> (artifact id: '91a495c05eb67b44159fb696ec7e3790') in 0.074814 seconds 
Number of asset objects unloaded after import = 2
========================================================================
Received Import Request.
  Time since last request: 0.000023 seconds.
  path: Assets/ModAssets/Materials/Custom Materials/Metal Copper.mat
  artifactKey: Guid(e7c453d829e9a4662a456d2da16a7e42) Importer(815301076,1909f56bfc062723c751e8b465ee728b)
Number of updated assets reloaded before import = 0
Start importing Assets/ModAssets/Materials/Custom Materials/Metal Copper.mat using Guid(e7c453d829e9a4662a456d2da16a7e42) Importer(815301076,1909f56bfc062723c751e8b465ee728b)  -> (artifact id: 'ef7b6c3c87d69ba9e52c4094e458a777') in 0.016339 seconds 
Number of asset objects unloaded after import = 2
========================================================================
Received Import Request.
  Time since last request: 0.000035 seconds.
  path: Assets/FPS/Prefabs/RootObjects/OBJRamp_3m.obj
  artifactKey: Guid(becd2f1944aa3ad469bf5b7846ef665b) Importer(815301076,1909f56bfc062723c751e8b465ee728b)
Number of updated assets reloaded before import = 0
Start importing Assets/FPS/Prefabs/RootObjects/OBJRamp_3m.obj using Guid(becd2f1944aa3ad469bf5b7846ef665b) Importer(815301076,1909f56bfc062723c751e8b465ee728b)  -> (artifact id: 'f8f9f490c3b3663a1c435843b3164ee5') in 0.033376 seconds 
Number of asset objects unloaded after import = 12
========================================================================
Received Import Request.
  Time since last request: 0.000017 seconds.
  path: Assets/FPS/Art/Materials/SpeedLine.mat
  artifactKey: Guid(51b4b159ffad18a408fe75b6f8ccbc2f) Importer(815301076,1909f56bfc062723c751e8b465ee728b)
Number of updated assets reloaded before import = 0
Start importing Assets/FPS/Art/Materials/SpeedLine.mat using Guid(51b4b159ffad18a408fe75b6f8ccbc2f) Importer(815301076,1909f56bfc062723c751e8b465ee728b)  -> (artifact id: '5b73e7890363a910ed8fef0d73ff5faa') in 0.017953 seconds 
Number of asset objects unloaded after import = 3
========================================================================
Received Import Request.
  Time since last request: 0.000024 seconds.
  path: Assets/FPS/Art/Materials/VFX/Lazer_Red.mat
  artifactKey: Guid(530af3a8082ffb14897ac6b74259b8a1) Importer(815301076,1909f56bfc062723c751e8b465ee728b)
Number of updated assets reloaded before import = 0
Start importing Assets/FPS/Art/Materials/VFX/Lazer_Red.mat using Guid(530af3a8082ffb14897ac6b74259b8a1) Importer(815301076,1909f56bfc062723c751e8b465ee728b)  -> (artifact id: '51227d849a7d5bfbd9518e3e611eab7a') in 0.016930 seconds 
Number of asset objects unloaded after import = 2
========================================================================
Received Import Request.
  Time since last request: 0.000017 seconds.
  path: Assets/FPS/Art/Materials/VFX/Projectile_blue.mat
  artifactKey: Guid(4892be09e48c5a441b36e4cffb963fb4) Importer(815301076,1909f56bfc062723c751e8b465ee728b)
Number of updated assets reloaded before import = 0
Start importing Assets/FPS/Art/Materials/VFX/Projectile_blue.mat using Guid(4892be09e48c5a441b36e4cffb963fb4) Importer(815301076,1909f56bfc062723c751e8b465ee728b)  -> (artifact id: 'c9d95c68b34379458393985308cbe1b9') in 0.088585 seconds 
Number of asset objects unloaded after import = 3
========================================================================
Received Import Request.
  Time since last request: 0.000022 seconds.
  path: Packages/com.unity.probuilder/Content/Resources/Materials/Trigger.mat
  artifactKey: Guid(a1e97cbf2538241b691aae8243b5fb10) Importer(815301076,1909f56bfc062723c751e8b465ee728b)
Number of updated assets reloaded before import = 0
Start importing Packages/com.unity.probuilder/Content/Resources/Materials/Trigger.mat using Guid(a1e97cbf2538241b691aae8243b5fb10) Importer(815301076,1909f56bfc062723c751e8b465ee728b)  -> (artifact id: '75252ae05e784eb676b96a1f6f82a721') in 0.033103 seconds 
Number of asset objects unloaded after import = 3
========================================================================
Received Import Request.
  Time since last request: 0.000021 seconds.
  path: Packages/com.unity.probuilder/Content/Resources/Materials/ProBuilderDefault.mat
  artifactKey: Guid(c22777d6e868e4f2fb421913386b154e) Importer(815301076,1909f56bfc062723c751e8b465ee728b)
Number of updated assets reloaded before import = 0
Start importing Packages/com.unity.probuilder/Content/Resources/Materials/ProBuilderDefault.mat using Guid(c22777d6e868e4f2fb421913386b154e) Importer(815301076,1909f56bfc062723c751e8b465ee728b)  -> (artifact id: '540f87e7e1c6a40e2e6bd3394beb3de7') in 0.017480 seconds 
Number of asset objects unloaded after import = 3
========================================================================
Received Import Request.
  Time since last request: 0.000025 seconds.
  path: Packages/com.unity.render-pipelines.universal/Runtime/Materials/Sprite-Unlit-Default.mat
  artifactKey: Guid(9dfc825aed78fcd4ba02077103263b40) Importer(815301076,1909f56bfc062723c751e8b465ee728b)
Number of updated assets reloaded before import = 0
Start importing Packages/com.unity.render-pipelines.universal/Runtime/Materials/Sprite-Unlit-Default.mat using Guid(9dfc825aed78fcd4ba02077103263b40) Importer(815301076,1909f56bfc062723c751e8b465ee728b)  -> (artifact id: '3299d4c66335d3b1d2b5889d34121de1') in 0.014384 seconds 
Number of asset objects unloaded after import = 2
========================================================================
Received Import Request.
  Time since last request: 0.000023 seconds.
  path: Packages/com.unity.render-pipelines.universal/Runtime/Materials/SimpleLit.mat
  artifactKey: Guid(6a1143ee683302f4aa628c052723efc1) Importer(815301076,1909f56bfc062723c751e8b465ee728b)
Number of updated assets reloaded before import = 0
Start importing Packages/com.unity.render-pipelines.universal/Runtime/Materials/SimpleLit.mat using Guid(6a1143ee683302f4aa628c052723efc1) Importer(815301076,1909f56bfc062723c751e8b465ee728b)  -> (artifact id: '82ec386b6880e402bf80ffa2e1066c66') in 0.557854 seconds 
Number of asset objects unloaded after import = 2
========================================================================
Received Import Request.
  Time since last request: 0.000023 seconds.
  path: Assets/FPS/Art/Materials/VFX/M_HealthPickup.mat
  artifactKey: Guid(42997a46d4ce7ac48a673a5ae3d8ae68) Importer(815301076,1909f56bfc062723c751e8b465ee728b)
Number of updated assets reloaded before import = 0
Start importing Assets/FPS/Art/Materials/VFX/M_HealthPickup.mat using Guid(42997a46d4ce7ac48a673a5ae3d8ae68) Importer(815301076,1909f56bfc062723c751e8b465ee728b)  -> (artifact id: '0ab8fd68b616722a40251e65a9c63d83') in 0.019898 seconds 
Number of asset objects unloaded after import = 6
========================================================================
Received Import Request.
  Time since last request: 0.000025 seconds.
  path: Assets/FPS/Art/Materials/Weapons/WeaponDisc.mat
  artifactKey: Guid(bbfadc30c17002448a215c8857fefa7a) Importer(815301076,1909f56bfc062723c751e8b465ee728b)
Number of updated assets reloaded before import = 0
Start importing Assets/FPS/Art/Materials/Weapons/WeaponDisc.mat using Guid(bbfadc30c17002448a215c8857fefa7a) Importer(815301076,1909f56bfc062723c751e8b465ee728b)  -> (artifact id: '3cf7f72d6e98306a5d4a0be610f04b1d') in 0.020448 seconds 
Number of asset objects unloaded after import = 7
========================================================================
Received Import Request.
  Time since last request: 0.000017 seconds.
  path: Assets/FPS/Art/Materials/VFX/Projectile_green.mat
  artifactKey: Guid(e4d0ea9642095ef4cb76e9b3c9f91eef) Importer(815301076,1909f56bfc062723c751e8b465ee728b)
Number of updated assets reloaded before import = 0
Start importing Assets/FPS/Art/Materials/VFX/Projectile_green.mat using Guid(e4d0ea9642095ef4cb76e9b3c9f91eef) Importer(815301076,1909f56bfc062723c751e8b465ee728b)  -> (artifact id: 'ee23d1b1b273f044c84eb0734d7c306f') in 0.019321 seconds 
Number of asset objects unloaded after import = 3
========================================================================
Received Import Request.
  Time since last request: 0.000018 seconds.
  path: Assets/FPS/Prefabs/RootObjects/OBJDun_BigDoor.obj
  artifactKey: Guid(be360768de4eef5438409a0ecb7effcc) Importer(815301076,1909f56bfc062723c751e8b465ee728b)
Number of updated assets reloaded before import = 0
Start importing Assets/FPS/Prefabs/RootObjects/OBJDun_BigDoor.obj using Guid(be360768de4eef5438409a0ecb7effcc) Importer(815301076,1909f56bfc062723c751e8b465ee728b)  -> (artifact id: '52567bdb63e5c02049d4653e01054b1e') in 0.027055 seconds 
Number of asset objects unloaded after import = 12
========================================================================
Received Import Request.
  Time since last request: 0.000019 seconds.
  path: Packages/com.unity.probuilder/Content/Resources/Materials/StandardVertexColorLWRP.mat
  artifactKey: Guid(077a003b1de1e4c35923be7a21b5d948) Importer(815301076,1909f56bfc062723c751e8b465ee728b)
Number of updated assets reloaded before import = 0
Start importing Packages/com.unity.probuilder/Content/Resources/Materials/StandardVertexColorLWRP.mat using Guid(077a003b1de1e4c35923be7a21b5d948) Importer(815301076,1909f56bfc062723c751e8b465ee728b)  -> (artifact id: '781734e51a0d8ae12c84291f07bd9bae') in 0.018464 seconds 
Number of asset objects unloaded after import = 3
========================================================================
Received Import Request.
  Time since last request: 0.000021 seconds.
  path: Assets/FPS/Art/Materials/TrailDeath.mat
  artifactKey: Guid(a74eef6270cec6b4c9dfed0e7aa93cf6) Importer(815301076,1909f56bfc062723c751e8b465ee728b)
Number of updated assets reloaded before import = 0
Start importing Assets/FPS/Art/Materials/TrailDeath.mat using Guid(a74eef6270cec6b4c9dfed0e7aa93cf6) Importer(815301076,1909f56bfc062723c751e8b465ee728b)  -> (artifact id: '847233a10dce5626dd990b230f589319') in 0.034501 seconds 
Number of asset objects unloaded after import = 2
========================================================================
Received Import Request.
  Time since last request: 0.000025 seconds.
  path: Assets/ModAssets/Materials/TrailMaterials/SubtleTrailMaterial.mat
  artifactKey: Guid(bb6ceb127383a4152a4041c9babd6912) Importer(815301076,1909f56bfc062723c751e8b465ee728b)
Number of updated assets reloaded before import = 0
Start importing Assets/ModAssets/Materials/TrailMaterials/SubtleTrailMaterial.mat using Guid(bb6ceb127383a4152a4041c9babd6912) Importer(815301076,1909f56bfc062723c751e8b465ee728b)  -> (artifact id: '868a8d70dba241d6b1ccad9019705eda') in 0.044925 seconds 
Number of asset objects unloaded after import = 2
========================================================================
Received Import Request.
  Time since last request: 0.000022 seconds.
  path: Packages/com.unity.render-pipelines.universal/Runtime/Materials/SpatialMappingWireframe.mat
  artifactKey: Guid(9875a245ac49007498213638a307faa1) Importer(815301076,1909f56bfc062723c751e8b465ee728b)
Number of updated assets reloaded before import = 0
Start importing Packages/com.unity.render-pipelines.universal/Runtime/Materials/SpatialMappingWireframe.mat using Guid(9875a245ac49007498213638a307faa1) Importer(815301076,1909f56bfc062723c751e8b465ee728b)  -> (artifact id: 'bb238b4c02c7882165989899ee48969f') in 0.029384 seconds 
Number of asset objects unloaded after import = 2
========================================================================
Received Import Request.
  Time since last request: 0.000021 seconds.
  path: Assets/FPS/Prefabs/RootObjects/OBJWall_Window.obj
  artifactKey: Guid(af4da4e5fdff6964e8044e498845e419) Importer(815301076,1909f56bfc062723c751e8b465ee728b)
Number of updated assets reloaded before import = 0
Start importing Assets/FPS/Prefabs/RootObjects/OBJWall_Window.obj using Guid(af4da4e5fdff6964e8044e498845e419) Importer(815301076,1909f56bfc062723c751e8b465ee728b)  -> (artifact id: '83217c9da3ab09480c0ef5acc03681a5') in 0.049726 seconds 
Number of asset objects unloaded after import = 12
========================================================================
Received Import Request.
  Time since last request: 0.000031 seconds.
  path: Assets/FPS/Art/Materials/VFX/ShrapnelTriangle.mat
  artifactKey: Guid(01da79e0e5f33824fa9d48c9577b241b) Importer(815301076,1909f56bfc062723c751e8b465ee728b)
Number of updated assets reloaded before import = 0
Start importing Assets/FPS/Art/Materials/VFX/ShrapnelTriangle.mat using Guid(01da79e0e5f33824fa9d48c9577b241b) Importer(815301076,1909f56bfc062723c751e8b465ee728b)  -> (artifact id: '241dae375ec16d1e8a89410e054cb369') in 0.021913 seconds 
Number of asset objects unloaded after import = 3
========================================================================
Received Import Request.
  Time since last request: 0.000018 seconds.
  path: Assets/ModAssets/Materials/Custom Materials/Neon Blue.mat
  artifactKey: Guid(720149e63952b457590122b90ee86b07) Importer(815301076,1909f56bfc062723c751e8b465ee728b)
Number of updated assets reloaded before import = 0
Start importing Assets/ModAssets/Materials/Custom Materials/Neon Blue.mat using Guid(720149e63952b457590122b90ee86b07) Importer(815301076,1909f56bfc062723c751e8b465ee728b)  -> (artifact id: 'daf4cddc6b95618ab989a7cf9b82fbfc') in 0.040229 seconds 
Number of asset objects unloaded after import = 2
Editor requested this worker to shutdown with reason: Scaling down because of idle timeout
AssetImportWorker is now disconnected from the server
Process exiting
Exiting without the bug reporter. Application will terminate with return code 0